#
# There is insufficient memory for the Java Runtime Environment to continue.
# Native memory allocation (malloc) failed to allocate 32744 bytes for ChunkPool::allocate
# Possible reasons:
#   The system is out of physical RAM or swap space
#   The process is running with CompressedOops enabled, and the Java Heap may be blocking the growth of the native heap
# Possible solutions:
#   Reduce memory load on the system
#   Increase physical memory or swap space
#   Check if swap backing store is full
#   Decrease Java heap size (-Xmx/-Xms)
#   Decrease number of Java threads
#   Decrease Java thread stack sizes (-Xss)
#   Set larger code cache with -XX:ReservedCodeCacheSize=
#   JVM is running with Unscaled Compressed Oops mode in which the Java heap is
#     placed in the first 4GB address space. The Java Heap base address is the
#     maximum limit for the native heap growth. Please use -XX:HeapBaseMinAddress
#     to set the Java Heap base and to place the Java Heap above 4GB virtual address.
# This output file may be truncated or incomplete.
#
#  Out of Memory Error (allocation.cpp:272), pid=10600, tid=0x0000000000001614
#
# JRE version: Java(TM) SE Runtime Environment (8.0_251-b08) (build 1.8.0_251-b08)
# Java VM: Java HotSpot(TM) 64-Bit Server VM (25.251-b08 mixed mode windows-amd64 compressed oops)
# Failed to write core dump. Minidumps are not enabled by default on client versions of Windows
#

---------------  T H R E A D  ---------------

Current thread (0x0000000014f45800):  JavaThread "C2 CompilerThread0" daemon [_thread_in_native, id=5652, stack(0x00000000166c0000,0x00000000167c0000)]

Stack: [0x00000000166c0000,0x00000000167c0000]
[error occurred during error reporting (printing stack bounds), id 0xc0000005]

Native frames: (J=compiled Java code, j=interpreted, Vv=VM code, C=native code)


Current CompileTask:
C2:  92722 1881       4       java.lang.AbstractStringBuilder::append (54 bytes)


---------------  P R O C E S S  ---------------

Java Threads: ( => current thread )
  0x0000000017761000 JavaThread "Okio Watchdog" daemon [_thread_blocked, id=3548, stack(0x0000000019970000,0x0000000019a70000)]
  0x0000000017776800 JavaThread "OkHttp ConnectionPool" daemon [_thread_blocked, id=12092, stack(0x0000000019870000,0x0000000019970000)]
  0x00000000173d7000 JavaThread "Exec Stream Pumper" daemon [_thread_in_native, id=12188, stack(0x0000000019270000,0x0000000019370000)]
  0x00000000173d6800 JavaThread "Exec Stream Pumper" daemon [_thread_in_native, id=9488, stack(0x0000000019170000,0x0000000019270000)]
  0x0000000016acd000 JavaThread "Exec Default Executor" daemon [_thread_in_native, id=5204, stack(0x0000000019070000,0x0000000019170000)]
  0x0000000016a12800 JavaThread "Service Thread" daemon [_thread_blocked, id=3140, stack(0x0000000016dc0000,0x0000000016ec0000)]
  0x0000000014f51000 JavaThread "C1 CompilerThread2" daemon [_thread_blocked, id=2432, stack(0x00000000168c0000,0x00000000169c0000)]
  0x0000000014f4b000 JavaThread "C2 CompilerThread1" daemon [_thread_blocked, id=6764, stack(0x00000000167c0000,0x00000000168c0000)]
=>0x0000000014f45800 JavaThread "C2 CompilerThread0" daemon [_thread_in_native, id=5652, stack(0x00000000166c0000,0x00000000167c0000)]
  0x0000000014f42000 JavaThread "Attach Listener" daemon [_thread_blocked, id=10468, stack(0x00000000165c0000,0x00000000166c0000)]
  0x0000000014f40800 JavaThread "Signal Dispatcher" daemon [_thread_blocked, id=11752, stack(0x00000000164c0000,0x00000000165c0000)]
  0x0000000014f2a000 JavaThread "Finalizer" daemon [_thread_blocked, id=8588, stack(0x00000000161a0000,0x00000000162a0000)]
  0x0000000002923000 JavaThread "Reference Handler" daemon [_thread_blocked, id=11184, stack(0x00000000160a0000,0x00000000161a0000)]
  0x0000000002833800 JavaThread "main" [_thread_blocked, id=608, stack(0x0000000002730000,0x0000000002830000)]

Other Threads:
  0x0000000014f09000 VMThread [stack: 0x0000000015fa0000,0x00000000160a0000] [id=7164]
  0x0000000016a13800 WatcherThread [stack: 0x0000000016ec0000,0x0000000016fc0000] [id=2120]

VM state:not at safepoint (normal execution)

VM Mutex/Monitor currently owned by a thread: None

OutOfMemory and StackOverflow Exception counts:
OutOfMemoryError java_heap_errors=2

heap address: 0x00000000c1400000, size: 1004 MB, Compressed Oops mode: 32-bit
Narrow klass base: 0x0000000000000000, Narrow klass shift: 3
Compressed class space size: 1073741824 Address: 0x0000000100000000

Heap:
 PSYoungGen      total 18944K, used 4863K [0x00000000eb180000, 0x00000000ec680000, 0x0000000100000000)
  eden space 16384K, 14% used [0x00000000eb180000,0x00000000eb3c3110,0x00000000ec180000)
  from space 2560K, 99% used [0x00000000ec400000,0x00000000ec67cc10,0x00000000ec680000)
  to   space 2560K, 0% used [0x00000000ec180000,0x00000000ec180000,0x00000000ec400000)
 ParOldGen       total 44032K, used 7310K [0x00000000c1400000, 0x00000000c3f00000, 0x00000000eb180000)
  object space 44032K, 16% used [0x00000000c1400000,0x00000000c1b23908,0x00000000c3f00000)
 Metaspace       used 17818K, capacity 18642K, committed 18944K, reserved 1064960K
  class space    used 2281K, capacity 2471K, committed 2560K, reserved 1048576K

Card table byte_map: [0x0000000011cf0000,0x0000000011ef0000] byte_map_base: 0x00000000116e6000

Marking Bits: (ParMarkBitMap*) 0x000000005696af90
 Begin Bits: [0x0000000012440000, 0x00000000133f0000)
 End Bits:   [0x00000000133f0000, 0x00000000143a0000)

Polling page: 0x0000000000e10000

CodeCache: size=245760Kb used=6013Kb max_used=6023Kb free=239746Kb
 bounds [0x0000000002930000, 0x0000000002f20000, 0x0000000011930000]
 total_blobs=2303 nmethods=1869 adapters=346
 compilation: enabled

Compilation events (10 events):
Event: 90.097 Thread 0x0000000014f51000 nmethod 1875 0x0000000002a332d0 code [0x0000000002a33420, 0x0000000002a33690]
Event: 90.387 Thread 0x0000000014f4b000 1877       4       java.util.regex.Pattern$7::isSatisfiedBy (28 bytes)
Event: 90.387 Thread 0x0000000014f45800 1878       4       java.util.regex.Pattern$6::isSatisfiedBy (28 bytes)
Event: 90.400 Thread 0x0000000014f4b000 nmethod 1877 0x0000000002a86810 code [0x0000000002a86980, 0x0000000002a86c68]
Event: 90.400 Thread 0x0000000014f4b000 1879       4       java.util.regex.Pattern$Category::isSatisfiedBy (20 bytes)
Event: 90.403 Thread 0x0000000014f4b000 nmethod 1879 0x0000000002a8a190 code [0x0000000002a8a2c0, 0x0000000002a8a398]
Event: 90.404 Thread 0x0000000014f45800 nmethod 1878 0x0000000002f0ecd0 code [0x0000000002f0ee60, 0x0000000002f0f248]
Event: 90.744 Thread 0x0000000014f4b000 1880       4       java.text.StringCharacterIterator::next (46 bytes)
Event: 90.744 Thread 0x0000000014f45800 1881       4       java.lang.AbstractStringBuilder::append (54 bytes)
Event: 90.747 Thread 0x0000000014f4b000 nmethod 1880 0x0000000002f15190 code [0x0000000002f152e0, 0x0000000002f153d8]

GC Heap History (8 events):
Event: 1.762 GC heap before
{Heap before GC invocations=1 (full 0):
 PSYoungGen      total 18944K, used 16384K [0x00000000eb180000, 0x00000000ec680000, 0x0000000100000000)
  eden space 16384K, 100% used [0x00000000eb180000,0x00000000ec180000,0x00000000ec180000)
  from space 2560K, 0% used [0x00000000ec400000,0x00000000ec400000,0x00000000ec680000)
  to   space 2560K, 0% used [0x00000000ec180000,0x00000000ec180000,0x00000000ec400000)
 ParOldGen       total 44032K, used 0K [0x00000000c1400000, 0x00000000c3f00000, 0x00000000eb180000)
  object space 44032K, 0% used [0x00000000c1400000,0x00000000c1400000,0x00000000c3f00000)
 Metaspace       used 8496K, capacity 8624K, committed 8832K, reserved 1056768K
  class space    used 1008K, capacity 1042K, committed 1152K, reserved 1048576K
Event: 1.873 GC heap after
Heap after GC invocations=1 (full 0):
 PSYoungGen      total 18944K, used 2538K [0x00000000eb180000, 0x00000000ec680000, 0x0000000100000000)
  eden space 16384K, 0% used [0x00000000eb180000,0x00000000eb180000,0x00000000ec180000)
  from space 2560K, 99% used [0x00000000ec180000,0x00000000ec3fa938,0x00000000ec400000)
  to   space 2560K, 0% used [0x00000000ec400000,0x00000000ec400000,0x00000000ec680000)
 ParOldGen       total 44032K, used 978K [0x00000000c1400000, 0x00000000c3f00000, 0x00000000eb180000)
  object space 44032K, 2% used [0x00000000c1400000,0x00000000c14f4b70,0x00000000c3f00000)
 Metaspace       used 8496K, capacity 8624K, committed 8832K, reserved 1056768K
  class space    used 1008K, capacity 1042K, committed 1152K, reserved 1048576K
}
Event: 3.480 GC heap before
{Heap before GC invocations=2 (full 0):
 PSYoungGen      total 18944K, used 18922K [0x00000000eb180000, 0x00000000ec680000, 0x0000000100000000)
  eden space 16384K, 100% used [0x00000000eb180000,0x00000000ec180000,0x00000000ec180000)
  from space 2560K, 99% used [0x00000000ec180000,0x00000000ec3fa938,0x00000000ec400000)
  to   space 2560K, 0% used [0x00000000ec400000,0x00000000ec400000,0x00000000ec680000)
 ParOldGen       total 44032K, used 978K [0x00000000c1400000, 0x00000000c3f00000, 0x00000000eb180000)
  object space 44032K, 2% used [0x00000000c1400000,0x00000000c14f4b70,0x00000000c3f00000)
 Metaspace       used 12888K, capacity 13204K, committed 13568K, reserved 1060864K
  class space    used 1552K, capacity 1672K, committed 1792K, reserved 1048576K
Event: 3.508 GC heap after
Heap after GC invocations=2 (full 0):
 PSYoungGen      total 18944K, used 2544K [0x00000000eb180000, 0x00000000ec680000, 0x0000000100000000)
  eden space 16384K, 0% used [0x00000000eb180000,0x00000000eb180000,0x00000000ec180000)
  from space 2560K, 99% used [0x00000000ec400000,0x00000000ec67c010,0x00000000ec680000)
  to   space 2560K, 0% used [0x00000000ec180000,0x00000000ec180000,0x00000000ec400000)
 ParOldGen       total 44032K, used 3126K [0x00000000c1400000, 0x00000000c3f00000, 0x00000000eb180000)
  object space 44032K, 7% used [0x00000000c1400000,0x00000000c170d828,0x00000000c3f00000)
 Metaspace       used 12888K, capacity 13204K, committed 13568K, reserved 1060864K
  class space    used 1552K, capacity 1672K, committed 1792K, reserved 1048576K
}
Event: 4.878 GC heap before
{Heap before GC invocations=3 (full 0):
 PSYoungGen      total 18944K, used 18928K [0x00000000eb180000, 0x00000000ec680000, 0x0000000100000000)
  eden space 16384K, 100% used [0x00000000eb180000,0x00000000ec180000,0x00000000ec180000)
  from space 2560K, 99% used [0x00000000ec400000,0x00000000ec67c010,0x00000000ec680000)
  to   space 2560K, 0% used [0x00000000ec180000,0x00000000ec180000,0x00000000ec400000)
 ParOldGen       total 44032K, used 3126K [0x00000000c1400000, 0x00000000c3f00000, 0x00000000eb180000)
  object space 44032K, 7% used [0x00000000c1400000,0x00000000c170d828,0x00000000c3f00000)
 Metaspace       used 15931K, capacity 16656K, committed 16896K, reserved 1064960K
  class space    used 2012K, capacity 2202K, committed 2304K, reserved 1048576K
Event: 4.888 GC heap after
Heap after GC invocations=3 (full 0):
 PSYoungGen      total 18944K, used 2528K [0x00000000eb180000, 0x00000000ec680000, 0x0000000100000000)
  eden space 16384K, 0% used [0x00000000eb180000,0x00000000eb180000,0x00000000ec180000)
  from space 2560K, 98% used [0x00000000ec180000,0x00000000ec3f8070,0x00000000ec400000)
  to   space 2560K, 0% used [0x00000000ec400000,0x00000000ec400000,0x00000000ec680000)
 ParOldGen       total 44032K, used 5901K [0x00000000c1400000, 0x00000000c3f00000, 0x00000000eb180000)
  object space 44032K, 13% used [0x00000000c1400000,0x00000000c19c36e0,0x00000000c3f00000)
 Metaspace       used 15931K, capacity 16656K, committed 16896K, reserved 1064960K
  class space    used 2012K, capacity 2202K, committed 2304K, reserved 1048576K
}
Event: 88.133 GC heap before
{Heap before GC invocations=4 (full 0):
 PSYoungGen      total 18944K, used 18912K [0x00000000eb180000, 0x00000000ec680000, 0x0000000100000000)
  eden space 16384K, 100% used [0x00000000eb180000,0x00000000ec180000,0x00000000ec180000)
  from space 2560K, 98% used [0x00000000ec180000,0x00000000ec3f8070,0x00000000ec400000)
  to   space 2560K, 0% used [0x00000000ec400000,0x00000000ec400000,0x00000000ec680000)
 ParOldGen       total 44032K, used 5901K [0x00000000c1400000, 0x00000000c3f00000, 0x00000000eb180000)
  object space 44032K, 13% used [0x00000000c1400000,0x00000000c19c36e0,0x00000000c3f00000)
 Metaspace       used 17728K, capacity 18514K, committed 18688K, reserved 1064960K
  class space    used 2269K, capacity 2471K, committed 2560K, reserved 1048576K
Event: 88.139 GC heap after
Heap after GC invocations=4 (full 0):
 PSYoungGen      total 18944K, used 2547K [0x00000000eb180000, 0x00000000ec680000, 0x0000000100000000)
  eden space 16384K, 0% used [0x00000000eb180000,0x00000000eb180000,0x00000000ec180000)
  from space 2560K, 99% used [0x00000000ec400000,0x00000000ec67cc10,0x00000000ec680000)
  to   space 2560K, 0% used [0x00000000ec180000,0x00000000ec180000,0x00000000ec400000)
 ParOldGen       total 44032K, used 7310K [0x00000000c1400000, 0x00000000c3f00000, 0x00000000eb180000)
  object space 44032K, 16% used [0x00000000c1400000,0x00000000c1b23908,0x00000000c3f00000)
 Metaspace       used 17728K, capacity 18514K, committed 18688K, reserved 1064960K
  class space    used 2269K, capacity 2471K, committed 2560K, reserved 1048576K
}

Deoptimization events (10 events):
Event: 31.835 Thread 0x0000000002833800 Uncommon trap: reason=class_check action=maybe_recompile pc=0x0000000002e12804 method=org.openqa.selenium.json.Input.init()V @ 18
Event: 31.835 Thread 0x0000000002833800 Uncommon trap: reason=class_check action=maybe_recompile pc=0x0000000002e12804 method=org.openqa.selenium.json.Input.init()V @ 18
Event: 31.835 Thread 0x0000000002833800 Uncommon trap: reason=class_check action=maybe_recompile pc=0x0000000002e12804 method=org.openqa.selenium.json.Input.init()V @ 18
Event: 79.282 Thread 0x0000000002833800 Uncommon trap: reason=class_check action=maybe_recompile pc=0x0000000002e976bc method=java.lang.AbstractStringBuilder.append(Ljava/lang/CharSequence;II)Ljava/lang/AbstractStringBuilder; @ 18
Event: 79.283 Thread 0x0000000002833800 Uncommon trap: reason=unstable_if action=reinterpret pc=0x0000000002ace258 method=sun.nio.cs.UTF_8$Encoder.encode([CII[B)I @ 33
Event: 88.125 Thread 0x0000000002833800 Uncommon trap: reason=unstable_if action=reinterpret pc=0x0000000002ef52a0 method=java.util.regex.Pattern$Slice.match(Ljava/util/regex/Matcher;ILjava/lang/CharSequence;)Z @ 54
Event: 90.387 Thread 0x0000000002833800 Uncommon trap: reason=class_check action=maybe_recompile pc=0x0000000002efce1c method=java.util.regex.Pattern$7.isSatisfiedBy(I)Z @ 16
Event: 90.387 Thread 0x0000000002833800 Uncommon trap: reason=class_check action=maybe_recompile pc=0x0000000002efce1c method=java.util.regex.Pattern$7.isSatisfiedBy(I)Z @ 16
Event: 90.387 Thread 0x0000000002833800 Uncommon trap: reason=class_check action=maybe_recompile pc=0x0000000002efce1c method=java.util.regex.Pattern$7.isSatisfiedBy(I)Z @ 16
Event: 90.387 Thread 0x0000000002833800 Uncommon trap: reason=class_check action=maybe_recompile pc=0x0000000002efce1c method=java.util.regex.Pattern$7.isSatisfiedBy(I)Z @ 16

Classes redefined (0 events):
No events

Internal exceptions (10 events):
Event: 77.169 Thread 0x0000000002833800 Exception <a 'java/net/SocketTimeoutException': Read timed out> (0x00000000ebe67b48) thrown at [C:\jenkins\workspace\8-2-build-windows-amd64-cygwin\jdk8u251\737\hotspot\src\share\vm\prims\jni.cpp, line 736]
Event: 77.409 Thread 0x0000000002833800 Exception <a 'java/net/SocketTimeoutException': Read timed out> (0x00000000ebe7b668) thrown at [C:\jenkins\workspace\8-2-build-windows-amd64-cygwin\jdk8u251\737\hotspot\src\share\vm\prims\jni.cpp, line 736]
Event: 77.423 Thread 0x0000000002833800 Exception <a 'java/net/SocketTimeoutException': Read timed out> (0x00000000ebe95168) thrown at [C:\jenkins\workspace\8-2-build-windows-amd64-cygwin\jdk8u251\737\hotspot\src\share\vm\prims\jni.cpp, line 736]
Event: 77.999 Thread 0x0000000002833800 Exception <a 'java/lang/NoSuchMethodError': java.lang.Object.lambda$codePoints$1()Ljava/util/Spliterator$OfInt;> (0x00000000ebea5f10) thrown at [C:\jenkins\workspace\8-2-build-windows-amd64-cygwin\jdk8u251\737\hotspot\src\share\vm\interpreter\linkResolver
Event: 79.285 Thread 0x0000000002833800 Exception <a 'java/net/SocketTimeoutException': Read timed out> (0x00000000ebec3398) thrown at [C:\jenkins\workspace\8-2-build-windows-amd64-cygwin\jdk8u251\737\hotspot\src\share\vm\prims\jni.cpp, line 736]
Event: 80.094 Thread 0x0000000002833800 Exception <a 'java/net/SocketTimeoutException': Read timed out> (0x00000000ebed9b00) thrown at [C:\jenkins\workspace\8-2-build-windows-amd64-cygwin\jdk8u251\737\hotspot\src\share\vm\prims\jni.cpp, line 736]
Event: 80.124 Thread 0x0000000002833800 Exception <a 'java/net/SocketTimeoutException': Read timed out> (0x00000000ebef0618) thrown at [C:\jenkins\workspace\8-2-build-windows-amd64-cygwin\jdk8u251\737\hotspot\src\share\vm\prims\jni.cpp, line 736]
Event: 80.137 Thread 0x0000000002833800 Exception <a 'java/lang/NoSuchMethodError': java.lang.Object.lambda$comparingInt$7b0bb60$1(Ljava/util/function/ToIntFunction;Ljava/lang/Object;Ljava/lang/Object;)I> (0x00000000ebf05a60) thrown at [C:\jenkins\workspace\8-2-build-windows-amd64-cygwin\jdk8u2
Event: 81.161 Thread 0x0000000002833800 Exception <a 'java/lang/NoSuchMethodError': java.lang.Object.lambda$comparing$77a9974f$1(Ljava/util/function/Function;Ljava/lang/Object;Ljava/lang/Object;)I> (0x00000000ebf340d8) thrown at [C:\jenkins\workspace\8-2-build-windows-amd64-cygwin\jdk8u251\737\
Event: 81.454 Thread 0x0000000002833800 Exception <a 'java/lang/reflect/InvocationTargetException'> (0x00000000ebf50b10) thrown at [C:\jenkins\workspace\8-2-build-windows-amd64-cygwin\jdk8u251\737\hotspot\src\share\vm\runtime\reflection.cpp, line 1092]

Events (10 events):
Event: 90.387 Thread 0x0000000002833800 DEOPT PACKING pc=0x0000000002efce1c sp=0x000000000282eff0
Event: 90.387 Thread 0x0000000002833800 DEOPT UNPACKING pc=0x000000000297583b sp=0x000000000282ef90 mode 2
Event: 90.741 loading class java/util/Vector$Itr
Event: 90.741 loading class java/util/Vector$Itr done
Event: 90.742 loading class org/testng/util/TimeUtils
Event: 90.742 loading class org/testng/util/TimeUtils done
Event: 90.743 loading class java/text/FieldPosition$Delegate
Event: 90.743 loading class java/text/FieldPosition$Delegate done
Event: 90.744 loading class org/testng/reporters/XMLSuiteResultWriter
Event: 90.744 loading class org/testng/reporters/XMLSuiteResultWriter done


Dynamic libraries:
0x00007ff6b4ff0000 - 0x00007ff6b5027000 	C:\Program Files\Java\jre1.8.0_251\bin\javaw.exe
0x00007ff85f2b0000 - 0x00007ff85f45a000 	C:\Windows\SYSTEM32\ntdll.dll
0x00007ff85e9c0000 - 0x00007ff85eafa000 	C:\Windows\system32\KERNEL32.DLL
0x00007ff85c6f0000 - 0x00007ff85c800000 	C:\Windows\system32\KERNELBASE.dll
0x00007ff85b250000 - 0x00007ff85b2d8000 	C:\Windows\system32\apphelp.dll
0x00007ff858930000 - 0x00007ff85897f000 	C:\Windows\AppPatch\AppPatch64\AcGenral.DLL
0x00007ff85efe0000 - 0x00007ff85f087000 	C:\Windows\system32\msvcrt.dll
0x00007ff85c400000 - 0x00007ff85c42b000 	C:\Windows\SYSTEM32\SspiCli.dll
0x00007ff85d1a0000 - 0x00007ff85d1f1000 	C:\Windows\system32\SHLWAPI.dll
0x00007ff85ccb0000 - 0x00007ff85ce21000 	C:\Windows\system32\USER32.dll
0x00007ff85d020000 - 0x00007ff85d198000 	C:\Windows\system32\ole32.dll
0x00007ff85d500000 - 0x00007ff85e917000 	C:\Windows\system32\SHELL32.dll
0x00007ff85bc30000 - 0x00007ff85bc4f000 	C:\Windows\SYSTEM32\USERENV.dll
0x00007ff85eb00000 - 0x00007ff85eba5000 	C:\Windows\system32\ADVAPI32.dll
0x00007ff852dd0000 - 0x00007ff852deb000 	C:\Windows\SYSTEM32\MPR.dll
0x00007ff85ebb0000 - 0x00007ff85ece6000 	C:\Windows\system32\RPCRT4.dll
0x00007ff85f090000 - 0x00007ff85f0e7000 	C:\Windows\SYSTEM32\sechost.dll
0x00007ff85d2c0000 - 0x00007ff85d496000 	C:\Windows\SYSTEM32\combase.dll
0x00007ff85ecf0000 - 0x00007ff85ee35000 	C:\Windows\system32\GDI32.dll
0x00007ff85c620000 - 0x00007ff85c634000 	C:\Windows\SYSTEM32\profapi.dll
0x00007ff85af20000 - 0x00007ff85afbf000 	C:\Windows\SYSTEM32\SHCORE.dll
0x00007ff85d4a0000 - 0x00007ff85d4d4000 	C:\Windows\system32\IMM32.DLL
0x00007ff85f0f0000 - 0x00007ff85f229000 	C:\Windows\system32\MSCTF.dll
0x00007ff85a940000 - 0x00007ff85ab9a000 	C:\Windows\WinSxS\amd64_microsoft.windows.common-controls_6595b64144ccf1df_6.0.9600.17031_none_6242a4b3ecbb55a1\COMCTL32.dll
0x0000000056010000 - 0x00000000560e2000 	C:\Program Files\Java\jre1.8.0_251\bin\msvcr100.dll
0x0000000056140000 - 0x00000000569eb000 	C:\Program Files\Java\jre1.8.0_251\bin\server\jvm.dll
0x00007ff857210000 - 0x00007ff857219000 	C:\Windows\SYSTEM32\WSOCK32.dll
0x00007ff8544d0000 - 0x00007ff8544ef000 	C:\Windows\SYSTEM32\WINMM.dll
0x00007ff856f10000 - 0x00007ff856f1a000 	C:\Windows\SYSTEM32\VERSION.dll
0x00007ff85f290000 - 0x00007ff85f297000 	C:\Windows\system32\PSAPI.DLL
0x00007ff85d260000 - 0x00007ff85d2b8000 	C:\Windows\system32\WS2_32.dll
0x00007ff853f10000 - 0x00007ff853f3a000 	C:\Windows\SYSTEM32\WINMMBASE.dll
0x00007ff85cb30000 - 0x00007ff85cb39000 	C:\Windows\system32\NSI.dll
0x00007ff85c850000 - 0x00007ff85c89a000 	C:\Windows\SYSTEM32\cfgmgr32.dll
0x00007ff85b4b0000 - 0x00007ff85b4d6000 	C:\Windows\SYSTEM32\DEVOBJ.dll
0x00007ff85a520000 - 0x00007ff85a52f000 	C:\Program Files\Java\jre1.8.0_251\bin\verify.dll
0x00007ff853100000 - 0x00007ff853129000 	C:\Program Files\Java\jre1.8.0_251\bin\java.dll
0x00007ff8531b0000 - 0x00007ff8531c6000 	C:\Program Files\Java\jre1.8.0_251\bin\zip.dll
0x00007ff8527d0000 - 0x00007ff8527ea000 	C:\Program Files\Java\jre1.8.0_251\bin\net.dll
0x00007ff85be80000 - 0x00007ff85bed8000 	C:\Windows\system32\mswsock.dll
0x00007ff85bc90000 - 0x00007ff85bd33000 	C:\Windows\SYSTEM32\DNSAPI.dll
0x00007ff844110000 - 0x00007ff844119000 	C:\Windows\System32\rasadhlp.dll
0x00007ff8565d0000 - 0x00007ff856637000 	C:\Windows\System32\fwpuclnt.dll
0x00007ff85bee0000 - 0x00007ff85befe000 	C:\Windows\SYSTEM32\CRYPTSP.dll
0x00007ff85bb20000 - 0x00007ff85bb55000 	C:\Windows\system32\rsaenh.dll
0x00007ff85c110000 - 0x00007ff85c136000 	C:\Windows\SYSTEM32\bcrypt.dll
0x00007ff85c430000 - 0x00007ff85c490000 	C:\Windows\system32\bcryptprimitives.dll
0x00007ff85c490000 - 0x00007ff85c49a000 	C:\Windows\SYSTEM32\CRYPTBASE.dll
0x00007ff856a00000 - 0x00007ff856a29000 	C:\Windows\SYSTEM32\IPHLPAPI.DLL
0x00007ff8569e0000 - 0x00007ff8569ea000 	C:\Windows\SYSTEM32\WINNSI.DLL
0x00007ff856840000 - 0x00007ff856854000 	C:\Windows\SYSTEM32\dhcpcsvc6.DLL
0x00007ff856820000 - 0x00007ff856839000 	C:\Windows\SYSTEM32\dhcpcsvc.DLL
0x00007ff852790000 - 0x00007ff8527a2000 	C:\Program Files\Java\jre1.8.0_251\bin\nio.dll
0x00007ff852470000 - 0x00007ff852494000 	C:\Program Files\Java\jre1.8.0_251\bin\sunec.dll
0x00007ff858d60000 - 0x00007ff858d6c000 	C:\Program Files\Java\jre1.8.0_251\bin\sunmscapi.dll
0x00007ff85c8a0000 - 0x00007ff85ca77000 	C:\Windows\system32\CRYPT32.dll
0x00007ff85c0e0000 - 0x00007ff85c104000 	C:\Windows\SYSTEM32\ncrypt.dll
0x00007ff85c6d0000 - 0x00007ff85c6e2000 	C:\Windows\system32\MSASN1.dll
0x00007ff85c0a0000 - 0x00007ff85c0da000 	C:\Windows\SYSTEM32\NTASN1.dll
0x00007ff849cc0000 - 0x00007ff849cd4000 	C:\Windows\system32\napinsp.dll
0x00007ff849ca0000 - 0x00007ff849cb9000 	C:\Windows\system32\pnrpnsp.dll
0x00007ff858560000 - 0x00007ff858579000 	C:\Windows\system32\NLAapi.dll
0x00007ff858d10000 - 0x00007ff858d1c000 	C:\Windows\System32\winrnr.dll
0x00007ff853e60000 - 0x00007ff853e73000 	C:\Windows\system32\wshbth.dll

VM Arguments:
jvm_args: -ea -Dfile.encoding=Cp1252 
java_command: org.testng.remote.RemoteTestNG -serport 60971 -protocol json -d C:\Users\User\Framwork\E2EProject\test-output C:\Users\User\AppData\Local\Temp\testng-eclipse--1266776579\testng-customsuite.xml
java_class_path (initial): C:\Users\User\Desktop\eclipse-jee-oxygen-3a-win32-x86_64\eclipse\configuration\org.eclipse.osgi\1017\0\.cp\lib\testng-remote.jar;C:\Program Files\Java\jre1.8.0_251\lib\resources.jar;C:\Program Files\Java\jre1.8.0_251\lib\rt.jar;C:\Program Files\Java\jre1.8.0_251\lib\jsse.jar;C:\Program Files\Java\jre1.8.0_251\lib\jce.jar;C:\Program Files\Java\jre1.8.0_251\lib\charsets.jar;C:\Program Files\Java\jre1.8.0_251\lib\jfr.jar;C:\Program Files\Java\jre1.8.0_251\lib\ext\access-bridge-64.jar;C:\Program Files\Java\jre1.8.0_251\lib\ext\cldrdata.jar;C:\Program Files\Java\jre1.8.0_251\lib\ext\dnsns.jar;C:\Program Files\Java\jre1.8.0_251\lib\ext\jaccess.jar;C:\Program Files\Java\jre1.8.0_251\lib\ext\jfxrt.jar;C:\Program Files\Java\jre1.8.0_251\lib\ext\localedata.jar;C:\Program Files\Java\jre1.8.0_251\lib\ext\nashorn.jar;C:\Program Files\Java\jre1.8.0_251\lib\ext\sunec.jar;C:\Program Files\Java\jre1.8.0_251\lib\ext\sunjce_provider.jar;C:\Program Files\Java\jre1.8.0_251\lib\ext\sunmscapi.jar;C:\Program Files\Java\jre1.8.0_251\lib\ext\sunpkcs11.jar;C:\Program Files\Java\jre1.8.0_251\lib\ext\zipfs.jar;C:\Users\User\Framwork\E2EProject\target\test-classes;C:\Users\User\Framwork\E2EProject\target\classes;C:\Users\User\Desktop\selenium-server-standalone-3.141.59.jar;D:\Downloads\selenium-java-3.141.59\client-combined-3.141.59.jar;D:\Downloads\selenium-java-3.141.59\client-combined-3.141.59-sources.jar;C:\Users\User\Desktop\eclipse-jee-oxygen-3a-win32-x86_64\eclipse\plugins\org.testng_6.14.3.r201802240500.jar;C:\Users\User\Desktop\eclipse-jee-oxygen-3a-win32-x86_64\eclipse\plugins\com.beust.jcommander_1.78.0.jar;C:\Users\User\Desktop\eclipse-jee-oxygen-3a-win32-x86_64\eclipse\plugins\org.apache-extras.beanshell.bsh_2.0.0.b6.jar;C:\Users\User\Desktop\eclipse-jee-oxygen-3a-win32-x86_64\eclipse\plugins\org.yaml.snakeyaml_1.21.0.jar;C:\Users\User\.m2\repository\junit\junit\3.8.1\junit-3.8.1.jar;C:\Users\User\.m2\repository\org\seleniumhq\selenium\selenium-java\3.14
Launcher Type: SUN_STANDARD

Environment Variables:
CLASSPATH=%CLASSPATH%;%JUNIT_HOME%\junit-4.10.jar;.;;C:\Junit\junit-4.10.jar;.;;C:\Junit\junit-4.10.jar;.;
PATH=C:/Program Files/Java/jre1.8.0_251/bin/server;C:/Program Files/Java/jre1.8.0_251/bin;C:/Program Files/Java/jre1.8.0_251/lib/amd64;C:\Program Files (x86)\Common Files\Oracle\Java\javapath;C:\Windows\system32;C:\Windows;C:\Windows\system32\Wbem;C:\Program Files\Java\jdk-13.0.2\bin;%C:\Windows%\system32;C:\Android;C:\Windows\System32;C:\Users\User\Desktop\Framework\apache-maven-3.6.3-bin\apache-maven-3.6.3\bin;C:\Program Files\Git\cmd;C:\Users\User\Desktop\eclipse-jee-oxygen-3a-win32-x86_64\eclipse;
USERNAME=User
OS=Windows_NT
PROCESSOR_IDENTIFIER=Intel64 Family 6 Model 61 Stepping 4, GenuineIntel



---------------  S Y S T E M  ---------------

OS: Windows 8.1 , 64 bit Build 9600 (6.3.9600.17031)

CPU:total 4 (initial active 4) (2 cores per cpu, 2 threads per core) family 6 model 61 stepping 4, cmov, cx8, fxsr, mmx, sse, sse2, sse3, ssse3, sse4.1, sse4.2, popcnt, avx, avx2, aes, clmul, erms, 3dnowpref, lzcnt, ht, tsc, tscinvbit, bmi1, bmi2, adx

Memory: 4k page, physical 4107668k(145900k free), swap 7253396k(4184k free)

vm_info: Java HotSpot(TM) 64-Bit Server VM (25.251-b08) for windows-amd64 JRE (1.8.0_251-b08), built on Mar 12 2020 06:31:49 by "" with MS VC++ 10.0 (VS2010)

time: Tue Dec 15 18:42:03 2020
timezone: India Standard Time
elapsed time: 94 seconds (0d 0h 1m 34s)

