#
# There is insufficient memory for the Java Runtime Environment to continue.
# Native memory allocation (malloc) failed to allocate 32784 bytes for Chunk::new
# Possible reasons:
#   The system is out of physical RAM or swap space
#   The process is running with CompressedOops enabled, and the Java Heap may be blocking the growth of the native heap
# Possible solutions:
#   Reduce memory load on the system
#   Increase physical memory or swap space
#   Check if swap backing store is full
#   Decrease Java heap size (-Xmx/-Xms)
#   Decrease number of Java threads
#   Decrease Java thread stack sizes (-Xss)
#   Set larger code cache with -XX:ReservedCodeCacheSize=
#   JVM is running with Unscaled Compressed Oops mode in which the Java heap is
#     placed in the first 4GB address space. The Java Heap base address is the
#     maximum limit for the native heap growth. Please use -XX:HeapBaseMinAddress
#     to set the Java Heap base and to place the Java Heap above 4GB virtual address.
# This output file may be truncated or incomplete.
#
#  Out of Memory Error (allocation.cpp:389), pid=11328, tid=0x0000000000000df8
#
# JRE version: Java(TM) SE Runtime Environment (8.0_251-b08) (build 1.8.0_251-b08)
# Java VM: Java HotSpot(TM) 64-Bit Server VM (25.251-b08 mixed mode windows-amd64 compressed oops)
# Failed to write core dump. Minidumps are not enabled by default on client versions of Windows
#

---------------  T H R E A D  ---------------

Current thread (0x00000000147e9000):  JavaThread "C2 CompilerThread1" daemon [_thread_in_native, id=3576, stack(0x0000000016060000,0x0000000016160000)]

Stack: [0x0000000016060000,0x0000000016160000]
[error occurred during error reporting (printing stack bounds), id 0xc0000005]

Native frames: (J=compiled Java code, j=interpreted, Vv=VM code, C=native code)


Current CompileTask:
C2:  18848 1405   !   4       sun.misc.URLClassPath$JarLoader::getResource (85 bytes)


---------------  P R O C E S S  ---------------

Java Threads: ( => current thread )
  0x0000000016fa9800 JavaThread "ForkJoinPool.commonPool-worker-1" daemon [_thread_blocked, id=7008, stack(0x0000000018e10000,0x0000000018f10000)]
  0x0000000016e77000 JavaThread "Exec Stream Pumper" daemon [_thread_in_native, id=12248, stack(0x0000000017b40000,0x0000000017c40000)]
  0x0000000016d0d000 JavaThread "Exec Stream Pumper" daemon [_thread_in_native, id=3800, stack(0x0000000017a40000,0x0000000017b40000)]
  0x0000000016e59800 JavaThread "Exec Default Executor" daemon [_thread_in_native, id=9732, stack(0x0000000017940000,0x0000000017a40000)]
  0x0000000016a8a000 JavaThread "ReaderThread" [_thread_in_native, id=4644, stack(0x0000000017440000,0x0000000017540000)]
  0x000000001483e800 JavaThread "Service Thread" daemon [_thread_blocked, id=11684, stack(0x0000000016660000,0x0000000016760000)]
  0x00000000147ed800 JavaThread "C1 CompilerThread2" daemon [_thread_blocked, id=8824, stack(0x0000000016160000,0x0000000016260000)]
=>0x00000000147e9000 JavaThread "C2 CompilerThread1" daemon [_thread_in_native, id=3576, stack(0x0000000016060000,0x0000000016160000)]
  0x00000000147e3800 JavaThread "C2 CompilerThread0" daemon [_thread_blocked, id=5164, stack(0x0000000015f60000,0x0000000016060000)]
  0x00000000147e2000 JavaThread "Attach Listener" daemon [_thread_blocked, id=792, stack(0x0000000015e60000,0x0000000015f60000)]
  0x00000000147e0000 JavaThread "Signal Dispatcher" daemon [_thread_blocked, id=9484, stack(0x0000000015d60000,0x0000000015e60000)]
  0x00000000020fe000 JavaThread "Finalizer" daemon [_thread_blocked, id=616, stack(0x0000000015a40000,0x0000000015b40000)]
  0x00000000020f3000 JavaThread "Reference Handler" daemon [_thread_blocked, id=7028, stack(0x0000000015940000,0x0000000015a40000)]
  0x0000000002003800 JavaThread "Forwarding newSession on session null to remote" [_thread_blocked, id=5840, stack(0x0000000000760000,0x0000000000860000)]

Other Threads:
  0x00000000147a9000 VMThread [stack: 0x0000000015840000,0x0000000015940000] [id=8436]
  0x00000000162a6000 WatcherThread [stack: 0x0000000016760000,0x0000000016860000] [id=3884]

VM state:at safepoint (normal execution)

VM Mutex/Monitor currently owned by a thread:  ([mutex/lock_event])
[0x0000000002000250] Threads_lock - owner thread: 0x00000000147a9000
[0x0000000002000dd0] Heap_lock - owner thread: 0x0000000002003800

heap address: 0x00000000c1400000, size: 1004 MB, Compressed Oops mode: 32-bit
Narrow klass base: 0x0000000000000000, Narrow klass shift: 3
Compressed class space size: 1073741824 Address: 0x0000000100000000

Heap:
 PSYoungGen      total 18944K, used 2545K [0x00000000eb180000, 0x00000000ec680000, 0x0000000100000000)
  eden space 16384K, 0% used [0x00000000eb180000,0x00000000eb180000,0x00000000ec180000)
  from space 2560K, 99% used [0x00000000ec180000,0x00000000ec3fc738,0x00000000ec400000)
  to   space 2560K, 0% used [0x00000000ec400000,0x00000000ec400000,0x00000000ec680000)
 ParOldGen       total 44032K, used 5492K [0x00000000c1400000, 0x00000000c3f00000, 0x00000000eb180000)
  object space 44032K, 12% used [0x00000000c1400000,0x00000000c195d2b8,0x00000000c3f00000)
 Metaspace       used 15519K, capacity 16196K, committed 16256K, reserved 1071104K
  class space    used 1974K, capacity 2162K, committed 2176K, reserved 1048576K

Card table byte_map: [0x0000000011590000,0x0000000011790000] byte_map_base: 0x0000000010f86000

Marking Bits: (ParMarkBitMap*) 0x000000005696af90
 Begin Bits: [0x0000000011ce0000, 0x0000000012c90000)
 End Bits:   [0x0000000012c90000, 0x0000000013c40000)

Polling page: 0x00000000005e0000

CodeCache: size=245760Kb used=4656Kb max_used=4676Kb free=241103Kb
 bounds [0x00000000021d0000, 0x0000000002670000, 0x00000000111d0000]
 total_blobs=1775 nmethods=1387 adapters=300
 compilation: enabled

Compilation events (10 events):
Event: 18.362 Thread 0x00000000147ed800 1387       3       jdk.internal.org.objectweb.asm.AnnotationVisitor::<init> (35 bytes)
Event: 18.362 Thread 0x00000000147ed800 nmethod 1387 0x0000000002652650 code [0x00000000026527c0, 0x0000000002652ac8]
Event: 18.362 Thread 0x00000000147ed800 1392       3       java.io.Reader::read (35 bytes)
Event: 18.363 Thread 0x00000000147ed800 nmethod 1392 0x000000000265eb10 code [0x000000000265eca0, 0x000000000265f138]
Event: 18.363 Thread 0x00000000147ed800 1393   !   3       java.io.BufferedReader::read (140 bytes)
Event: 18.366 Thread 0x00000000147ed800 

Event: 18.376 Thread 0x00000000147e3800 

Event: 18.690 Thread 0x00000000147ed800 1404       3       com.google.common.base.Preconditions::checkArgument (13 bytes)
Event: 18.690 Thread 0x00000000147ed800 nmethod 1404 0x00000000022d2a90 code [0x00000000022d2c00, 0x00000000022d2e28]
Event: 18.709 Thread 0x00000000147e9000 1405   !   4       sun.misc.URLClassPath$JarLoader::getResource (85 bytes)

GC Heap History (4 events):
Event: 10.475 GC heap before
{Heap before GC invocations=1 (full 0):
 PSYoungGen      total 18944K, used 16384K [0x00000000eb180000, 0x00000000ec680000, 0x0000000100000000)
  eden space 16384K, 100% used [0x00000000eb180000,0x00000000ec180000,0x00000000ec180000)
  from space 2560K, 0% used [0x00000000ec400000,0x00000000ec400000,0x00000000ec680000)
  to   space 2560K, 0% used [0x00000000ec180000,0x00000000ec180000,0x00000000ec400000)
 ParOldGen       total 44032K, used 0K [0x00000000c1400000, 0x00000000c3f00000, 0x00000000eb180000)
  object space 44032K, 0% used [0x00000000c1400000,0x00000000c1400000,0x00000000c3f00000)
 Metaspace       used 8496K, capacity 8624K, committed 8832K, reserved 1056768K
  class space    used 1008K, capacity 1042K, committed 1152K, reserved 1048576K
Event: 10.486 GC heap after
Heap after GC invocations=1 (full 0):
 PSYoungGen      total 18944K, used 2552K [0x00000000eb180000, 0x00000000ec680000, 0x0000000100000000)
  eden space 16384K, 0% used [0x00000000eb180000,0x00000000eb180000,0x00000000ec180000)
  from space 2560K, 99% used [0x00000000ec180000,0x00000000ec3fe2f8,0x00000000ec400000)
  to   space 2560K, 0% used [0x00000000ec400000,0x00000000ec400000,0x00000000ec680000)
 ParOldGen       total 44032K, used 948K [0x00000000c1400000, 0x00000000c3f00000, 0x00000000eb180000)
  object space 44032K, 2% used [0x00000000c1400000,0x00000000c14ed2e0,0x00000000c3f00000)
 Metaspace       used 8496K, capacity 8624K, committed 8832K, reserved 1056768K
  class space    used 1008K, capacity 1042K, committed 1152K, reserved 1048576K
}
Event: 17.346 GC heap before
{Heap before GC invocations=2 (full 0):
 PSYoungGen      total 18944K, used 18936K [0x00000000eb180000, 0x00000000ec680000, 0x0000000100000000)
  eden space 16384K, 100% used [0x00000000eb180000,0x00000000ec180000,0x00000000ec180000)
  from space 2560K, 99% used [0x00000000ec180000,0x00000000ec3fe2f8,0x00000000ec400000)
  to   space 2560K, 0% used [0x00000000ec400000,0x00000000ec400000,0x00000000ec680000)
 ParOldGen       total 44032K, used 948K [0x00000000c1400000, 0x00000000c3f00000, 0x00000000eb180000)
  object space 44032K, 2% used [0x00000000c1400000,0x00000000c14ed2e0,0x00000000c3f00000)
 Metaspace       used 12892K, capacity 13204K, committed 13568K, reserved 1060864K
  class space    used 1552K, capacity 1672K, committed 1792K, reserved 1048576K
Event: 17.353 GC heap after
Heap after GC invocations=2 (full 0):
 PSYoungGen      total 18944K, used 2544K [0x00000000eb180000, 0x00000000ec680000, 0x0000000100000000)
  eden space 16384K, 0% used [0x00000000eb180000,0x00000000eb180000,0x00000000ec180000)
  from space 2560K, 99% used [0x00000000ec400000,0x00000000ec67c010,0x00000000ec680000)
  to   space 2560K, 0% used [0x00000000ec180000,0x00000000ec180000,0x00000000ec400000)
 ParOldGen       total 44032K, used 3094K [0x00000000c1400000, 0x00000000c3f00000, 0x00000000eb180000)
  object space 44032K, 7% used [0x00000000c1400000,0x00000000c17059f8,0x00000000c3f00000)
 Metaspace       used 12892K, capacity 13204K, committed 13568K, reserved 1060864K
  class space    used 1552K, capacity 1672K, committed 1792K, reserved 1048576K
}

Deoptimization events (10 events):
Event: 17.597 Thread 0x0000000002003800 Uncommon trap: reason=unstable_if action=reinterpret pc=0x000000000236e054 method=java.lang.String.replace(CC)Ljava/lang/String; @ 2
Event: 17.600 Thread 0x0000000002003800 Uncommon trap: reason=unstable_if action=reinterpret pc=0x0000000002521c5c method=java.lang.CharacterDataLatin1.digit(II)I @ 82
Event: 18.437 Thread 0x0000000002003800 Uncommon trap: reason=class_check action=maybe_recompile pc=0x00000000025f3144 method=java.util.regex.Matcher.search(I)Z @ 86
Event: 18.437 Thread 0x0000000002003800 Uncommon trap: reason=class_check action=maybe_recompile pc=0x00000000025bedf4 method=java.util.regex.Pattern$Curly.match(Ljava/util/regex/Matcher;ILjava/lang/CharSequence;)Z @ 19
Event: 18.437 Thread 0x0000000002003800 Uncommon trap: reason=class_check action=maybe_recompile pc=0x00000000025f3144 method=java.util.regex.Matcher.search(I)Z @ 86
Event: 18.437 Thread 0x0000000002003800 Uncommon trap: reason=class_check action=maybe_recompile pc=0x00000000025f3144 method=java.util.regex.Matcher.search(I)Z @ 86
Event: 18.437 Thread 0x0000000002003800 Uncommon trap: reason=class_check action=maybe_recompile pc=0x00000000025f3144 method=java.util.regex.Matcher.search(I)Z @ 86
Event: 18.437 Thread 0x0000000002003800 Uncommon trap: reason=class_check action=maybe_recompile pc=0x00000000025bedf4 method=java.util.regex.Pattern$Curly.match(Ljava/util/regex/Matcher;ILjava/lang/CharSequence;)Z @ 19
Event: 18.465 Thread 0x0000000002003800 Uncommon trap: reason=class_check action=maybe_recompile pc=0x00000000025bedf4 method=java.util.regex.Pattern$Curly.match(Ljava/util/regex/Matcher;ILjava/lang/CharSequence;)Z @ 19
Event: 18.465 Thread 0x0000000002003800 Uncommon trap: reason=class_check action=maybe_recompile pc=0x00000000025bedf4 method=java.util.regex.Pattern$Curly.match(Ljava/util/regex/Matcher;ILjava/lang/CharSequence;)Z @ 19

Classes redefined (0 events):
No events

Internal exceptions (10 events):
Event: 0.754 Thread 0x0000000002003800 Exception <a 'java/security/PrivilegedActionException'> (0x00000000eb46d158) thrown at [C:\jenkins\workspace\8-2-build-windows-amd64-cygwin\jdk8u251\737\hotspot\src\share\vm\prims\jvm.cpp, line 1502]
Event: 0.754 Thread 0x0000000002003800 Exception <a 'java/security/PrivilegedActionException'> (0x00000000eb46d368) thrown at [C:\jenkins\workspace\8-2-build-windows-amd64-cygwin\jdk8u251\737\hotspot\src\share\vm\prims\jvm.cpp, line 1502]
Event: 4.249 Thread 0x0000000002003800 Exception <a 'java/lang/ArrayIndexOutOfBoundsException': 65> (0x00000000ebf76c88) thrown at [C:\jenkins\workspace\8-2-build-windows-amd64-cygwin\jdk8u251\737\hotspot\src\share\vm\interpreter\interpreterRuntime.cpp, line 368]
Event: 4.250 Thread 0x0000000002003800 Exception <a 'java/lang/ArrayIndexOutOfBoundsException': 60> (0x00000000ebf7c860) thrown at [C:\jenkins\workspace\8-2-build-windows-amd64-cygwin\jdk8u251\737\hotspot\src\share\vm\interpreter\interpreterRuntime.cpp, line 368]
Event: 13.257 Thread 0x0000000002003800 Exception <a 'java/lang/NoSuchFieldError': method resolution failed> (0x00000000eb373bb8) thrown at [C:\jenkins\workspace\8-2-build-windows-amd64-cygwin\jdk8u251\737\hotspot\src\share\vm\prims\methodHandles.cpp, line 1167]
Event: 13.260 Thread 0x0000000002003800 Exception <a 'java/lang/NoSuchFieldError': method resolution failed> (0x00000000eb381278) thrown at [C:\jenkins\workspace\8-2-build-windows-amd64-cygwin\jdk8u251\737\hotspot\src\share\vm\prims\methodHandles.cpp, line 1167]
Event: 13.746 Thread 0x0000000002003800 Exception <a 'java/lang/IncompatibleClassChangeError': Found class java.lang.Object, but interface was expected> (0x00000000eb46da00) thrown at [C:\jenkins\workspace\8-2-build-windows-amd64-cygwin\jdk8u251\737\hotspot\src\share\vm\interpreter\linkResolver
Event: 18.196 Thread 0x0000000002003800 Exception <a 'java/lang/IncompatibleClassChangeError': Found class java.lang.Object, but interface was expected> (0x00000000eb68c2c0) thrown at [C:\jenkins\workspace\8-2-build-windows-amd64-cygwin\jdk8u251\737\hotspot\src\share\vm\interpreter\linkResolver
Event: 18.199 Thread 0x0000000002003800 Exception <a 'java/lang/NoSuchMethodError': java.lang.Object.lambda$or$2(Ljava/util/function/Predicate;Ljava/lang/Object;)Z> (0x00000000eb69a018) thrown at [C:\jenkins\workspace\8-2-build-windows-amd64-cygwin\jdk8u251\737\hotspot\src\share\vm\interpreter\
Event: 18.295 Thread 0x0000000002003800 Exception <a 'java/lang/NoSuchMethodError': java.lang.Object.lambda$chars$0()Ljava/util/Spliterator$OfInt;> (0x00000000eb8ba5c0) thrown at [C:\jenkins\workspace\8-2-build-windows-amd64-cygwin\jdk8u251\737\hotspot\src\share\vm\interpreter\linkResolver.cpp,

Events (10 events):
Event: 18.714 loading class com/google/common/collect/Multimaps$TransformedEntriesListMultimap
Event: 18.714 loading class com/google/common/collect/Multimaps$TransformedEntriesListMultimap done
Event: 18.715 loading class com/google/common/collect/Multimaps$TransformedEntriesMultimap
Event: 18.715 loading class com/google/common/collect/Multimaps$TransformedEntriesMultimap done
Event: 18.716 loading class com/google/common/collect/AbstractMultimap$Entries
Event: 18.716 loading class com/google/common/collect/AbstractMultimap$Entries done
Event: 18.717 loading class com/google/common/collect/Multimaps$Entries
Event: 18.717 loading class com/google/common/collect/Multimaps$Entries done
Event: 18.718 loading class okhttp3/Request$Builder
Event: 18.718 loading class okhttp3/Request$Builder done


Dynamic libraries:
0x00007ff7cfcf0000 - 0x00007ff7cfd27000 	C:\Program Files\Java\jre1.8.0_251\bin\javaw.exe
0x00007ff85f2b0000 - 0x00007ff85f45a000 	C:\Windows\SYSTEM32\ntdll.dll
0x00007ff85e9c0000 - 0x00007ff85eafa000 	C:\Windows\system32\KERNEL32.DLL
0x00007ff85c6f0000 - 0x00007ff85c800000 	C:\Windows\system32\KERNELBASE.dll
0x00007ff85b250000 - 0x00007ff85b2d8000 	C:\Windows\system32\apphelp.dll
0x00007ff851280000 - 0x00007ff8512cf000 	C:\Windows\AppPatch\AppPatch64\AcGenral.DLL
0x00007ff85efe0000 - 0x00007ff85f087000 	C:\Windows\system32\msvcrt.dll
0x00007ff85c400000 - 0x00007ff85c42b000 	C:\Windows\SYSTEM32\SspiCli.dll
0x00007ff85d1a0000 - 0x00007ff85d1f1000 	C:\Windows\system32\SHLWAPI.dll
0x00007ff85ccb0000 - 0x00007ff85ce21000 	C:\Windows\system32\USER32.dll
0x00007ff85d020000 - 0x00007ff85d198000 	C:\Windows\system32\ole32.dll
0x00007ff85d500000 - 0x00007ff85e917000 	C:\Windows\system32\SHELL32.dll
0x00007ff85bc30000 - 0x00007ff85bc4f000 	C:\Windows\SYSTEM32\USERENV.dll
0x00007ff85eb00000 - 0x00007ff85eba5000 	C:\Windows\system32\ADVAPI32.dll
0x00007ff852dd0000 - 0x00007ff852deb000 	C:\Windows\SYSTEM32\MPR.dll
0x00007ff85ebb0000 - 0x00007ff85ece6000 	C:\Windows\system32\RPCRT4.dll
0x00007ff85f090000 - 0x00007ff85f0e7000 	C:\Windows\SYSTEM32\sechost.dll
0x00007ff85d2c0000 - 0x00007ff85d496000 	C:\Windows\SYSTEM32\combase.dll
0x00007ff85ecf0000 - 0x00007ff85ee35000 	C:\Windows\system32\GDI32.dll
0x00007ff85c620000 - 0x00007ff85c634000 	C:\Windows\SYSTEM32\profapi.dll
0x00007ff85af20000 - 0x00007ff85afbf000 	C:\Windows\SYSTEM32\SHCORE.dll
0x00007ff85d4a0000 - 0x00007ff85d4d4000 	C:\Windows\system32\IMM32.DLL
0x00007ff85f0f0000 - 0x00007ff85f229000 	C:\Windows\system32\MSCTF.dll
0x00007ff85a940000 - 0x00007ff85ab9a000 	C:\Windows\WinSxS\amd64_microsoft.windows.common-controls_6595b64144ccf1df_6.0.9600.17031_none_6242a4b3ecbb55a1\COMCTL32.dll
0x0000000056010000 - 0x00000000560e2000 	C:\Program Files\Java\jre1.8.0_251\bin\msvcr100.dll
0x0000000056140000 - 0x00000000569eb000 	C:\Program Files\Java\jre1.8.0_251\bin\server\jvm.dll
0x00007ff857210000 - 0x00007ff857219000 	C:\Windows\SYSTEM32\WSOCK32.dll
0x00007ff8544d0000 - 0x00007ff8544ef000 	C:\Windows\SYSTEM32\WINMM.dll
0x00007ff856f10000 - 0x00007ff856f1a000 	C:\Windows\SYSTEM32\VERSION.dll
0x00007ff85f290000 - 0x00007ff85f297000 	C:\Windows\system32\PSAPI.DLL
0x00007ff85d260000 - 0x00007ff85d2b8000 	C:\Windows\system32\WS2_32.dll
0x00007ff853f10000 - 0x00007ff853f3a000 	C:\Windows\SYSTEM32\WINMMBASE.dll
0x00007ff85cb30000 - 0x00007ff85cb39000 	C:\Windows\system32\NSI.dll
0x00007ff85c850000 - 0x00007ff85c89a000 	C:\Windows\SYSTEM32\cfgmgr32.dll
0x00007ff85b4b0000 - 0x00007ff85b4d6000 	C:\Windows\SYSTEM32\DEVOBJ.dll
0x00007ff85a520000 - 0x00007ff85a52f000 	C:\Program Files\Java\jre1.8.0_251\bin\verify.dll
0x00007ff853100000 - 0x00007ff853129000 	C:\Program Files\Java\jre1.8.0_251\bin\java.dll
0x00007ff8531b0000 - 0x00007ff8531c6000 	C:\Program Files\Java\jre1.8.0_251\bin\zip.dll
0x00007ff8527d0000 - 0x00007ff8527ea000 	C:\Program Files\Java\jre1.8.0_251\bin\net.dll
0x00007ff85be80000 - 0x00007ff85bed8000 	C:\Windows\system32\mswsock.dll
0x00007ff85bc90000 - 0x00007ff85bd33000 	C:\Windows\SYSTEM32\DNSAPI.dll
0x00007ff844110000 - 0x00007ff844119000 	C:\Windows\System32\rasadhlp.dll
0x00007ff8565d0000 - 0x00007ff856637000 	C:\Windows\System32\fwpuclnt.dll
0x00007ff85bee0000 - 0x00007ff85befe000 	C:\Windows\SYSTEM32\CRYPTSP.dll
0x00007ff85bb20000 - 0x00007ff85bb55000 	C:\Windows\system32\rsaenh.dll
0x00007ff85c110000 - 0x00007ff85c136000 	C:\Windows\SYSTEM32\bcrypt.dll
0x00007ff85c430000 - 0x00007ff85c490000 	C:\Windows\system32\bcryptprimitives.dll
0x00007ff85c490000 - 0x00007ff85c49a000 	C:\Windows\SYSTEM32\CRYPTBASE.dll
0x00007ff856a00000 - 0x00007ff856a29000 	C:\Windows\SYSTEM32\IPHLPAPI.DLL
0x00007ff8569e0000 - 0x00007ff8569ea000 	C:\Windows\SYSTEM32\WINNSI.DLL
0x00007ff856840000 - 0x00007ff856854000 	C:\Windows\SYSTEM32\dhcpcsvc6.DLL
0x00007ff856820000 - 0x00007ff856839000 	C:\Windows\SYSTEM32\dhcpcsvc.DLL
0x00007ff852790000 - 0x00007ff8527a2000 	C:\Program Files\Java\jre1.8.0_251\bin\nio.dll
0x00007ff852470000 - 0x00007ff852494000 	C:\Program Files\Java\jre1.8.0_251\bin\sunec.dll
0x00007ff858d60000 - 0x00007ff858d6c000 	C:\Program Files\Java\jre1.8.0_251\bin\sunmscapi.dll
0x00007ff85c8a0000 - 0x00007ff85ca77000 	C:\Windows\system32\CRYPT32.dll
0x00007ff85c0e0000 - 0x00007ff85c104000 	C:\Windows\SYSTEM32\ncrypt.dll
0x00007ff85c6d0000 - 0x00007ff85c6e2000 	C:\Windows\system32\MSASN1.dll
0x00007ff85c0a0000 - 0x00007ff85c0da000 	C:\Windows\SYSTEM32\NTASN1.dll

VM Arguments:
jvm_args: -ea -Dfile.encoding=Cp1252 
java_command: org.testng.remote.RemoteTestNG -serport 63376 -protocol json -d C:\Users\User\Framwork\E2EProject\test-output C:\Users\User\AppData\Local\Temp\testng-eclipse-1861399424\testng-customsuite.xml
java_class_path (initial): C:\Users\User\Desktop\eclipse-jee-oxygen-3a-win32-x86_64\eclipse\configuration\org.eclipse.osgi\1017\0\.cp\lib\testng-remote.jar;C:\Program Files\Java\jre1.8.0_251\lib\resources.jar;C:\Program Files\Java\jre1.8.0_251\lib\rt.jar;C:\Program Files\Java\jre1.8.0_251\lib\jsse.jar;C:\Program Files\Java\jre1.8.0_251\lib\jce.jar;C:\Program Files\Java\jre1.8.0_251\lib\charsets.jar;C:\Program Files\Java\jre1.8.0_251\lib\jfr.jar;C:\Program Files\Java\jre1.8.0_251\lib\ext\access-bridge-64.jar;C:\Program Files\Java\jre1.8.0_251\lib\ext\cldrdata.jar;C:\Program Files\Java\jre1.8.0_251\lib\ext\dnsns.jar;C:\Program Files\Java\jre1.8.0_251\lib\ext\jaccess.jar;C:\Program Files\Java\jre1.8.0_251\lib\ext\jfxrt.jar;C:\Program Files\Java\jre1.8.0_251\lib\ext\localedata.jar;C:\Program Files\Java\jre1.8.0_251\lib\ext\nashorn.jar;C:\Program Files\Java\jre1.8.0_251\lib\ext\sunec.jar;C:\Program Files\Java\jre1.8.0_251\lib\ext\sunjce_provider.jar;C:\Program Files\Java\jre1.8.0_251\lib\ext\sunmscapi.jar;C:\Program Files\Java\jre1.8.0_251\lib\ext\sunpkcs11.jar;C:\Program Files\Java\jre1.8.0_251\lib\ext\zipfs.jar;C:\Users\User\Framwork\E2EProject\target\test-classes;C:\Users\User\Framwork\E2EProject\target\classes;C:\Users\User\Desktop\selenium-server-standalone-3.141.59.jar;D:\Downloads\selenium-java-3.141.59\client-combined-3.141.59.jar;D:\Downloads\selenium-java-3.141.59\client-combined-3.141.59-sources.jar;C:\Users\User\Desktop\eclipse-jee-oxygen-3a-win32-x86_64\eclipse\plugins\org.testng_6.14.3.r201802240500.jar;C:\Users\User\Desktop\eclipse-jee-oxygen-3a-win32-x86_64\eclipse\plugins\com.beust.jcommander_1.78.0.jar;C:\Users\User\Desktop\eclipse-jee-oxygen-3a-win32-x86_64\eclipse\plugins\org.apache-extras.beanshell.bsh_2.0.0.b6.jar;C:\Users\User\Desktop\eclipse-jee-oxygen-3a-win32-x86_64\eclipse\plugins\org.yaml.snakeyaml_1.21.0.jar;C:\Users\User\.m2\repository\junit\junit\3.8.1\junit-3.8.1.jar;C:\Users\User\.m2\repository\org\seleniumhq\selenium\selenium-java\3.14
Launcher Type: SUN_STANDARD

Environment Variables:
CLASSPATH=%CLASSPATH%;%JUNIT_HOME%\junit-4.10.jar;.;;C:\Junit\junit-4.10.jar;.;;C:\Junit\junit-4.10.jar;.;
PATH=C:/Program Files/Java/jre1.8.0_251/bin/server;C:/Program Files/Java/jre1.8.0_251/bin;C:/Program Files/Java/jre1.8.0_251/lib/amd64;C:\Program Files (x86)\Common Files\Oracle\Java\javapath;C:\Windows\system32;C:\Windows;C:\Windows\system32\Wbem;C:\Program Files\Java\jdk-13.0.2\bin;%C:\Windows%\system32;C:\Android;C:\Windows\System32;C:\Users\User\Desktop\Framework\apache-maven-3.6.3-bin\apache-maven-3.6.3\bin;C:\Program Files\Git\cmd;C:\Users\User\Desktop\eclipse-jee-oxygen-3a-win32-x86_64\eclipse;
USERNAME=User
OS=Windows_NT
PROCESSOR_IDENTIFIER=Intel64 Family 6 Model 61 Stepping 4, GenuineIntel



---------------  S Y S T E M  ---------------

OS: Windows 8.1 , 64 bit Build 9600 (6.3.9600.17031)

CPU:total 4 (initial active 4) (2 cores per cpu, 2 threads per core) family 6 model 61 stepping 4, cmov, cx8, fxsr, mmx, sse, sse2, sse3, ssse3, sse4.1, sse4.2, popcnt, avx, avx2, aes, clmul, erms, 3dnowpref, lzcnt, ht, tsc, tscinvbit, bmi1, bmi2, adx

Memory: 4k page, physical 4107668k(414792k free), swap 7253396k(4176k free)

vm_info: Java HotSpot(TM) 64-Bit Server VM (25.251-b08) for windows-amd64 JRE (1.8.0_251-b08), built on Mar 12 2020 06:31:49 by "" with MS VC++ 10.0 (VS2010)

time: Tue Dec 15 20:04:21 2020
timezone: India Standard Time
elapsed time: 18 seconds (0d 0h 0m 18s)

